d:\shoscha\project\final game\duskbound\duskbound\debug\vc120.pdb
d:\shoscha\project\final game\duskbound\duskbound\debug\vc120.idb
d:\shoscha\project\final game\duskbound\duskbound\debug\bosscutscene1.obj
d:\shoscha\project\final game\duskbound\duskbound\debug\bosscutscene2.obj
d:\shoscha\project\final game\duskbound\duskbound\debug\bosscutscene3.obj
d:\shoscha\project\final game\duskbound\duskbound\debug\bossfightscene1.obj
d:\shoscha\project\final game\duskbound\duskbound\debug\bossfightscene2.obj
d:\shoscha\project\final game\duskbound\duskbound\debug\bossfightscene3.obj
d:\shoscha\project\final game\duskbound\duskbound\debug\engine.obj
d:\shoscha\project\final game\duskbound\duskbound\debug\input.obj
d:\shoscha\project\final game\duskbound\duskbound\debug\npc.obj
d:\shoscha\project\final game\duskbound\duskbound\debug\player.obj
d:\shoscha\project\final game\duskbound\duskbound\debug\playerbossfightcontroller.obj
d:\shoscha\project\final game\duskbound\duskbound\debug\imain.obj
d:\shoscha\project\final game\duskbound\duskbound\debug\gameoverscene.obj
d:\shoscha\project\final game\duskbound\duskbound\debug\mainmenuscene.obj
d:\shoscha\project\final game\duskbound\duskbound\debug\menuscene.obj
d:\shoscha\project\final game\duskbound\duskbound\debug\pausescene.obj
d:\shoscha\project\final game\duskbound\duskbound\debug\playscene.obj
d:\shoscha\project\final game\duskbound\duskbound\debug\collisionmap.obj
d:\shoscha\project\final game\duskbound\duskbound\debug\cutscenescene.obj
d:\shoscha\project\final game\duskbound\duskbound\debug\powerups.obj
d:\shoscha\project\duskbound\duskbound\duskbound\debug\vc120.pdb
d:\shoscha\project\duskbound\duskbound\duskbound\debug\vc120.idb
d:\shoscha\project\duskbound\duskbound\duskbound\debug\bosscutscene1.obj
d:\shoscha\project\duskbound\duskbound\duskbound\debug\bosscutscene2.obj
d:\shoscha\project\duskbound\duskbound\duskbound\debug\bosscutscene3.obj
d:\shoscha\project\duskbound\duskbound\duskbound\debug\bossfightscene1.obj
d:\shoscha\project\duskbound\duskbound\duskbound\debug\bossfightscene2.obj
d:\shoscha\project\duskbound\duskbound\duskbound\debug\bossfightscene3.obj
d:\shoscha\project\duskbound\duskbound\duskbound\debug\engine.obj
d:\shoscha\project\duskbound\duskbound\duskbound\debug\input.obj
d:\shoscha\project\duskbound\duskbound\duskbound\debug\npc.obj
d:\shoscha\project\duskbound\duskbound\duskbound\debug\player.obj
d:\shoscha\project\duskbound\duskbound\duskbound\debug\playerbossfightcontroller.obj
d:\shoscha\project\duskbound\duskbound\duskbound\debug\imain.obj
d:\shoscha\project\duskbound\duskbound\duskbound\debug\gameoverscene.obj
d:\shoscha\project\duskbound\duskbound\duskbound\debug\mainmenuscene.obj
d:\shoscha\project\duskbound\duskbound\duskbound\debug\menuscene.obj
d:\shoscha\project\duskbound\duskbound\duskbound\debug\pausescene.obj
d:\shoscha\project\duskbound\duskbound\duskbound\debug\playscene.obj
d:\shoscha\project\duskbound\duskbound\duskbound\debug\collisionmap.obj
d:\shoscha\project\duskbound\duskbound\duskbound\debug\cutscenescene.obj
d:\shoscha\project\duskbound\duskbound\duskbound\debug\powerups.obj
d:\shoscha\project\final game\duskbound\debug\duskbound.ilk
d:\shoscha\project\final game\duskbound\debug\duskbound.exe
d:\shoscha\project\final game\duskbound\debug\duskbound.pdb
d:\shoscha\project\duskbound\duskbound\debug\duskbound.ilk
d:\shoscha\project\duskbound\duskbound\debug\duskbound.exe
d:\shoscha\project\duskbound\duskbound\debug\duskbound.pdb
c:\users\raiyan\duskbound\duskbound\duskbound\debug\bosscutscene1.obj
c:\users\raiyan\duskbound\duskbound\duskbound\debug\bosscutscene2.obj
c:\users\raiyan\duskbound\duskbound\duskbound\debug\bosscutscene3.obj
c:\users\raiyan\duskbound\duskbound\duskbound\debug\bossfightscene1.obj
c:\users\raiyan\duskbound\duskbound\duskbound\debug\bossfightscene2.obj
c:\users\raiyan\duskbound\duskbound\duskbound\debug\bossfightscene3.obj
c:\users\raiyan\duskbound\duskbound\duskbound\debug\collisionmap.obj
c:\users\raiyan\duskbound\duskbound\duskbound\debug\cutscenescene.obj
c:\users\raiyan\duskbound\duskbound\duskbound\debug\engine.obj
c:\users\raiyan\duskbound\duskbound\duskbound\debug\gameoverscene.obj
c:\users\raiyan\duskbound\duskbound\duskbound\debug\imain.obj
c:\users\raiyan\duskbound\duskbound\duskbound\debug\input.obj
c:\users\raiyan\duskbound\duskbound\duskbound\debug\mainmenuscene.obj
c:\users\raiyan\duskbound\duskbound\duskbound\debug\menuscene.obj
c:\users\raiyan\duskbound\duskbound\duskbound\debug\npc.obj
c:\users\raiyan\duskbound\duskbound\duskbound\debug\pausescene.obj
c:\users\raiyan\duskbound\duskbound\duskbound\debug\player.obj
c:\users\raiyan\duskbound\duskbound\duskbound\debug\playerbossfightcontroller.obj
c:\users\raiyan\duskbound\duskbound\duskbound\debug\playscene.obj
c:\users\raiyan\duskbound\duskbound\duskbound\debug\powerups.obj
c:\users\raiyan\duskbound\duskbound\duskbound\debug\vc120.idb
c:\users\raiyan\duskbound\duskbound\duskbound\debug\vc120.pdb
c:\users\raiyan\duskbound\duskbound\debug\duskbound.pdb
c:\users\raiyan\duskbound\duskbound\debug\duskbound.exe
c:\users\raiyan\duskbound\duskbound\debug\duskbound.ilk
c:\users\raiyan\duskbound\duskbound\duskbound\debug\duskbound.tlog\cl.command.1.tlog
c:\users\raiyan\duskbound\duskbound\duskbound\debug\duskbound.tlog\cl.read.1.tlog
c:\users\raiyan\duskbound\duskbound\duskbound\debug\duskbound.tlog\cl.write.1.tlog
c:\users\raiyan\duskbound\duskbound\duskbound\debug\duskbound.tlog\link.command.1.tlog
c:\users\raiyan\duskbound\duskbound\duskbound\debug\duskbound.tlog\link.read.1.tlog
c:\users\raiyan\duskbound\duskbound\duskbound\debug\duskbound.tlog\link.write.1.tlog
